d:\xu_doc\project\mfcapptest1\mfcapplication2\x64\debug\mfcapplication2.pch
d:\xu_doc\project\mfcapptest1\mfcapplication2\x64\debug\vc143.pdb
d:\xu_doc\project\mfcapptest1\mfcapplication2\x64\debug\vc143.idb
d:\xu_doc\project\mfcapptest1\mfcapplication2\x64\debug\pch.obj
d:\xu_doc\project\mfcapptest1\mfcapplication2\x64\debug\mfcapplication2dlg.obj
d:\xu_doc\project\mfcapptest1\mfcapplication2\x64\debug\mfcapplication2.obj
d:\xu_doc\project\mfcapptest1\x64\debug\mfcapplication2.exe
d:\xu_doc\project\mfcapptest1\x64\debug\mfcapplication2.pdb
d:\xu_doc\project\mfcapptest1\mfcapplication2\x64\debug\mfcapplication2.res
d:\xu_doc\project\mfcapptest1\mfcapplication2\x64\debug\mfcapplication2.ilk
d:\xu_doc\project\mfcapptest1\mfcapplication2\x64\debug\mfcapplication2.tlog\cl.command.1.tlog
d:\xu_doc\project\mfcapptest1\mfcapplication2\x64\debug\mfcapplication2.tlog\cl.items.tlog
d:\xu_doc\project\mfcapptest1\mfcapplication2\x64\debug\mfcapplication2.tlog\cl.read.1.tlog
d:\xu_doc\project\mfcapptest1\mfcapplication2\x64\debug\mfcapplication2.tlog\cl.write.1.tlog
d:\xu_doc\project\mfcapptest1\mfcapplication2\x64\debug\mfcapplication2.tlog\link.command.1.tlog
d:\xu_doc\project\mfcapptest1\mfcapplication2\x64\debug\mfcapplication2.tlog\link.read.1.tlog
d:\xu_doc\project\mfcapptest1\mfcapplication2\x64\debug\mfcapplication2.tlog\link.secondary.1.tlog
d:\xu_doc\project\mfcapptest1\mfcapplication2\x64\debug\mfcapplication2.tlog\link.write.1.tlog
d:\xu_doc\project\mfcapptest1\mfcapplication2\x64\debug\mfcapplication2.tlog\rc.command.1.tlog
d:\xu_doc\project\mfcapptest1\mfcapplication2\x64\debug\mfcapplication2.tlog\rc.read.1.tlog
d:\xu_doc\project\mfcapptest1\mfcapplication2\x64\debug\mfcapplication2.tlog\rc.write.1.tlog
